#
# There is insufficient memory for the Java Runtime Environment to continue.
# Native memory allocation (mmap) failed to map 65536 bytes for Failed to commit metaspace.
# Possible reasons:
#   The system is out of physical RAM or swap space
#   The process is running with CompressedOops enabled, and the Java Heap may be blocking the growth of the native heap
# Possible solutions:
#   Reduce memory load on the system
#   Increase physical memory or swap space
#   Check if swap backing store is full
#   Decrease Java heap size (-Xmx/-Xms)
#   Decrease number of Java threads
#   Decrease Java thread stack sizes (-Xss)
#   Set larger code cache with -XX:ReservedCodeCacheSize=
#   JVM is running with Unscaled Compressed Oops mode in which the Java heap is
#     placed in the first 4GB address space. The Java Heap base address is the
#     maximum limit for the native heap growth. Please use -XX:HeapBaseMinAddress
#     to set the Java Heap base and to place the Java Heap above 4GB virtual address.
# This output file may be truncated or incomplete.
#
#  Out of Memory Error (virtualSpaceNode.cpp:110), pid=7884, tid=5148
#
# JRE version: OpenJDK Runtime Environment Temurin-17.0.7+7 (17.0.7+7) (build 17.0.7+7)
# Java VM: OpenJDK 64-Bit Server VM Temurin-17.0.7+7 (17.0.7+7, mixed mode, tiered, compressed oops, compressed class ptrs, g1 gc, windows-amd64)
# No core dump will be written. Minidumps are not enabled by default on client versions of Windows
#

---------------  S U M M A R Y ------------

Command Line: -ea -Dfile.encoding=UTF-8 -XX:+ShowCodeDetailsInExceptionMessages org.testng.remote.RemoteTestNG -serport 19498 -protocol json -d C:\Users\muchaa\eclipse-workspace\CucumberFramework\test-output C:\Users\muchaa\AppData\Local\Temp\testng-eclipse--1839470407\testng-customsuite.xml

Host: Intel(R) Core(TM) i5-2410M CPU @ 2.30GHz, 4 cores, 6G,  Windows 7 , 64 bit Build 7601 (6.1.7601.24384)
Time: Wed Nov  8 12:50:00 2023 Central Standard Time elapsed time: 36.063732 seconds (0d 0h 0m 36s)

---------------  T H R E A D  ---------------

Current thread (0x000000006459d5e0):  JavaThread "Forwarding newSession on session null to remote" [_thread_in_vm, id=5148, stack(0x0000000064c80000,0x0000000064d80000)]

Stack: [0x0000000064c80000,0x0000000064d80000]
Native frames: (J=compiled Java code, j=interpreted, Vv=VM code, C=native code)
V  [jvm.dll+0x67754a]
V  [jvm.dll+0x834304]
V  [jvm.dll+0x835aae]
V  [jvm.dll+0x836113]
V  [jvm.dll+0x24696f]
V  [jvm.dll+0x83039b]
V  [jvm.dll+0x61c006]
V  [jvm.dll+0x1c169e]
V  [jvm.dll+0x61e961]
V  [jvm.dll+0x61c9a6]
V  [jvm.dll+0x23c350]
V  [jvm.dll+0x1260b2]
V  [jvm.dll+0x24efc4]
V  [jvm.dll+0x2502c5]
V  [jvm.dll+0x1e3bc5]
V  [jvm.dll+0x1e314d]
V  [jvm.dll+0x53ea79]
V  [jvm.dll+0x7afc28]
V  [jvm.dll+0x7afd14]
V  [jvm.dll+0x40de05]
V  [jvm.dll+0x413f58]
C  [java.dll+0x17ec]

Java frames: (J=compiled Java code, j=interpreted, Vv=VM code)
J 948  java.lang.ClassLoader.defineClass1(Ljava/lang/ClassLoader;Ljava/lang/String;[BIILjava/security/ProtectionDomain;Ljava/lang/String;)Ljava/lang/Class; java.base@17.0.7 (0 bytes) @ 0x000000000d99af5b [0x000000000d99aea0+0x00000000000000bb]
J 1022 c1 java.lang.ClassLoader.defineClass(Ljava/lang/String;[BIILjava/security/ProtectionDomain;)Ljava/lang/Class; java.base@17.0.7 (43 bytes) @ 0x0000000006032a44 [0x0000000006032700+0x0000000000000344]
J 1318 c1 java.security.SecureClassLoader.defineClass(Ljava/lang/String;[BIILjava/security/CodeSource;)Ljava/lang/Class; java.base@17.0.7 (16 bytes) @ 0x00000000060c4d0c [0x00000000060c4c40+0x00000000000000cc]
J 973 c1 jdk.internal.loader.BuiltinClassLoader.defineClass(Ljava/lang/String;Ljdk/internal/loader/Resource;)Ljava/lang/Class; java.base@17.0.7 (121 bytes) @ 0x00000000060224bc [0x0000000006021600+0x0000000000000ebc]
J 930 c1 jdk.internal.loader.BuiltinClassLoader.findClassOnClassPathOrNull(Ljava/lang/String;)Ljava/lang/Class; java.base@17.0.7 (64 bytes) @ 0x000000000600c9dc [0x000000000600b980+0x000000000000105c]
J 2799 c2 jdk.internal.loader.BuiltinClassLoader.loadClassOrNull(Ljava/lang/String;Z)Ljava/lang/Class; java.base@17.0.7 (143 bytes) @ 0x000000000da6531c [0x000000000da650c0+0x000000000000025c]
J 941 c1 jdk.internal.loader.ClassLoaders$AppClassLoader.loadClass(Ljava/lang/String;Z)Ljava/lang/Class; java.base@17.0.7 (40 bytes) @ 0x0000000006011d6c [0x0000000006011760+0x000000000000060c]
J 940 c1 java.lang.ClassLoader.loadClass(Ljava/lang/String;)Ljava/lang/Class; java.base@17.0.7 (7 bytes) @ 0x00000000060113bc [0x00000000060112c0+0x00000000000000fc]
v  ~StubRoutines::call_stub
j  com.google.common.net.MediaType.<clinit>()V+11
v  ~StubRoutines::call_stub
j  org.openqa.selenium.remote.http.HttpMessage.getContentEncoding()Ljava/nio/charset/Charset;+16
j  org.openqa.selenium.remote.http.HttpResponse.getContentEncoding()Ljava/nio/charset/Charset;+1
j  org.openqa.selenium.remote.http.Contents.string(Lorg/openqa/selenium/remote/http/HttpMessage;)Ljava/lang/String;+5
j  org.openqa.selenium.remote.ProtocolHandshake.createSession(Lorg/openqa/selenium/remote/http/HttpHandler;Ljava/util/function/Supplier;J)Lorg/openqa/selenium/internal/Either;+75
j  org.openqa.selenium.remote.ProtocolHandshake.createSession(Lorg/openqa/selenium/remote/http/HttpHandler;Lorg/openqa/selenium/remote/NewSessionPayload;)Lorg/openqa/selenium/internal/Either;+78
j  org.openqa.selenium.remote.ProtocolHandshake.createSession(Lorg/openqa/selenium/remote/http/HttpHandler;Lorg/openqa/selenium/remote/Command;)Lorg/openqa/selenium/remote/ProtocolHandshake$Result;+53
j  org.openqa.selenium.remote.HttpCommandExecutor.execute(Lorg/openqa/selenium/remote/Command;)Lorg/openqa/selenium/remote/Response;+122
j  org.openqa.selenium.remote.service.DriverCommandExecutor.invokeExecute(Lorg/openqa/selenium/remote/Command;)Lorg/openqa/selenium/remote/Response;+2
j  org.openqa.selenium.remote.service.DriverCommandExecutor.execute(Lorg/openqa/selenium/remote/Command;)Lorg/openqa/selenium/remote/Response;+195
j  org.openqa.selenium.remote.RemoteWebDriver.execute(Lorg/openqa/selenium/remote/CommandPayload;)Lorg/openqa/selenium/remote/Response;+77
j  org.openqa.selenium.remote.RemoteWebDriver.startSession(Lorg/openqa/selenium/Capabilities;)V+18
j  org.openqa.selenium.remote.RemoteWebDriver.<init>(Lorg/openqa/selenium/remote/CommandExecutor;Lorg/openqa/selenium/Capabilities;)V+88
j  org.openqa.selenium.chromium.ChromiumDriver.<init>(Lorg/openqa/selenium/remote/CommandExecutor;Lorg/openqa/selenium/Capabilities;Ljava/lang/String;)V+3
j  org.openqa.selenium.chrome.ChromeDriver.<init>(Lorg/openqa/selenium/chrome/ChromeDriverService;Lorg/openqa/selenium/chrome/ChromeOptions;Lorg/openqa/selenium/remote/http/ClientConfig;)V+10
j  org.openqa.selenium.chrome.ChromeDriver.<init>(Lorg/openqa/selenium/chrome/ChromeDriverService;Lorg/openqa/selenium/chrome/ChromeOptions;)V+6
j  org.openqa.selenium.chrome.ChromeDriver.<init>()V+11
j  Utils.TestBase.WebDriverManager()Lorg/openqa/selenium/WebDriver;+99
j  Utils.TestContextSetUp.<init>()V+24
v  ~StubRoutines::call_stub
J 1640  jdk.internal.reflect.NativeConstructorAccessorImpl.newInstance0(Ljava/lang/reflect/Constructor;[Ljava/lang/Object;)Ljava/lang/Object; java.base@17.0.7 (0 bytes) @ 0x000000000d9ddc86 [0x000000000d9ddc20+0x0000000000000066]
J 1639 c1 jdk.internal.reflect.NativeConstructorAccessorImpl.newInstance([Ljava/lang/Object;)Ljava/lang/Object; java.base@17.0.7 (122 bytes) @ 0x000000000616e744 [0x000000000616de60+0x00000000000008e4]
J 1397 c1 jdk.internal.reflect.DelegatingConstructorAccessorImpl.newInstance([Ljava/lang/Object;)Ljava/lang/Object; java.base@17.0.7 (9 bytes) @ 0x00000000060f49bc [0x00000000060f48c0+0x00000000000000fc]
J 1395 c1 java.lang.reflect.Constructor.newInstanceWithCaller([Ljava/lang/Object;ZLjava/lang/Class;)Ljava/lang/Object; java.base@17.0.7 (75 bytes) @ 0x00000000060f43cc [0x00000000060f4180+0x000000000000024c]
J 1568 c1 java.lang.reflect.Constructor.newInstance([Ljava/lang/Object;)Ljava/lang/Object; java.base@17.0.7 (34 bytes) @ 0x000000000614f42c [0x000000000614f2c0+0x000000000000016c]
j  org.picocontainer.injectors.AbstractInjector.newInstance(Ljava/lang/reflect/Constructor;[Ljava/lang/Object;)Ljava/lang/Object;+2
j  org.picocontainer.injectors.ConstructorInjector$1.run(Ljava/lang/Object;)Ljava/lang/Object;+114
j  org.picocontainer.injectors.AbstractInjector$ThreadLocalCyclicDependencyGuard.observe(Ljava/lang/Class;Ljava/lang/Object;)Ljava/lang/Object;+33
j  org.picocontainer.injectors.ConstructorInjector.getComponentInstance(Lorg/picocontainer/PicoContainer;Ljava/lang/reflect/Type;)Ljava/lang/Object;+37
j  org.picocontainer.injectors.AbstractInjectionFactory$LifecycleAdapter.getComponentInstance(Lorg/picocontainer/PicoContainer;Ljava/lang/reflect/Type;)Ljava/lang/Object;+6
j  org.picocontainer.behaviors.AbstractBehavior.getComponentInstance(Lorg/picocontainer/PicoContainer;Ljava/lang/reflect/Type;)Ljava/lang/Object;+6
j  org.picocontainer.behaviors.Stored.getComponentInstance(Lorg/picocontainer/PicoContainer;Ljava/lang/reflect/Type;)Ljava/lang/Object;+27
j  org.picocontainer.DefaultPicoContainer.getInstance(Lorg/picocontainer/ComponentAdapter;Ljava/lang/Class;)Ljava/lang/Object;+52
j  org.picocontainer.DefaultPicoContainer.getComponent(Ljava/lang/Object;Ljava/lang/Class;)Ljava/lang/Object;+69
j  org.picocontainer.DefaultPicoContainer.getComponent(Ljava/lang/Object;Ljava/lang/reflect/Type;)Ljava/lang/Object;+49
j  org.picocontainer.parameters.BasicComponentParameter$1.resolveInstance()Ljava/lang/Object;+79
j  org.picocontainer.parameters.ComponentParameter$1.resolveInstance()Ljava/lang/Object;+47
j  org.picocontainer.injectors.SingleMemberInjector.getParameter(Lorg/picocontainer/PicoContainer;Ljava/lang/reflect/AccessibleObject;ILjava/lang/reflect/Type;Ljava/lang/annotation/Annotation;Lorg/picocontainer/Parameter;Lorg/picocontainer/ComponentAdapter;)Ljava/lang/Object;+39
j  org.picocontainer.injectors.ConstructorInjector$CtorAndAdapters.getParameterArguments(Lorg/picocontainer/PicoContainer;)[Ljava/lang/Object;+130
j  org.picocontainer.injectors.ConstructorInjector$1.run(Ljava/lang/Object;)Ljava/lang/Object;+38
j  org.picocontainer.injectors.AbstractInjector$ThreadLocalCyclicDependencyGuard.observe(Ljava/lang/Class;Ljava/lang/Object;)Ljava/lang/Object;+33
j  org.picocontainer.injectors.ConstructorInjector.getComponentInstance(Lorg/picocontainer/PicoContainer;Ljava/lang/reflect/Type;)Ljava/lang/Object;+37
j  org.picocontainer.injectors.AbstractInjectionFactory$LifecycleAdapter.getComponentInstance(Lorg/picocontainer/PicoContainer;Ljava/lang/reflect/Type;)Ljava/lang/Object;+6
j  org.picocontainer.behaviors.AbstractBehavior.getComponentInstance(Lorg/picocontainer/PicoContainer;Ljava/lang/reflect/Type;)Ljava/lang/Object;+6
j  org.picocontainer.behaviors.Stored.getComponentInstance(Lorg/picocontainer/PicoContainer;Ljava/lang/reflect/Type;)Ljava/lang/Object;+27
j  org.picocontainer.DefaultPicoContainer.getInstance(Lorg/picocontainer/ComponentAdapter;Ljava/lang/Class;)Ljava/lang/Object;+52
j  org.picocontainer.DefaultPicoContainer.getComponent(Ljava/lang/Object;Ljava/lang/Class;)Ljava/lang/Object;+69
j  org.picocontainer.DefaultPicoContainer.getComponent(Ljava/lang/Class;)Ljava/lang/Object;+3
j  io.cucumber.picocontainer.PicoFactory.getInstance(Ljava/lang/Class;)Ljava/lang/Object;+5
j  io.cucumber.java.AbstractGlueDefinition.invokeMethod([Ljava/lang/Object;)Ljava/lang/Object;+35
j  io.cucumber.java.JavaStepDefinition.execute([Ljava/lang/Object;)V+2
j  io.cucumber.core.runner.CoreStepDefinition.execute([Ljava/lang/Object;)V+5
j  io.cucumber.core.runner.PickleStepDefinitionMatch.runStep(Lio/cucumber/core/backend/TestCaseState;)V+173
j  io.cucumber.core.runner.ExecutionMode$1.execute(Lio/cucumber/core/runner/StepDefinitionMatch;Lio/cucumber/core/runner/TestCaseState;)Lio/cucumber/plugin/event/Status;+2
j  io.cucumber.core.runner.TestStep.executeStep(Lio/cucumber/core/runner/TestCaseState;Lio/cucumber/core/runner/ExecutionMode;)Lio/cucumber/plugin/event/Status;+14
j  io.cucumber.core.runner.TestStep.run(Lio/cucumber/plugin/event/TestCase;Lio/cucumber/core/eventbus/EventBus;Lio/cucumber/core/runner/TestCaseState;Lio/cucumber/core/runner/ExecutionMode;)Lio/cucumber/core/runner/ExecutionMode;+27
j  io.cucumber.core.runner.PickleStepTestStep.run(Lio/cucumber/plugin/event/TestCase;Lio/cucumber/core/eventbus/EventBus;Lio/cucumber/core/runner/TestCaseState;Lio/cucumber/core/runner/ExecutionMode;)Lio/cucumber/core/runner/ExecutionMode;+63
j  io.cucumber.core.runner.TestCase.run(Lio/cucumber/core/eventbus/EventBus;)V+140
j  io.cucumber.core.runner.Runner.runPickle(Lio/cucumber/core/gherkin/Pickle;)V+38
j  io.cucumber.testng.TestNGCucumberRunner.lambda$runScenario$1(Lio/cucumber/testng/Pickle;Lio/cucumber/core/runner/Runner;)V+15
j  io.cucumber.testng.TestNGCucumberRunner$$Lambda$376+0x000000001c2b49b0.accept(Ljava/lang/Object;)V+8
j  io.cucumber.core.runtime.CucumberExecutionContext.lambda$runTestCase$5(Ljava/util/function/Consumer;Lio/cucumber/core/runner/Runner;)V+2
j  io.cucumber.core.runtime.CucumberExecutionContext$$Lambda$377+0x000000001c2b4be0.run()V+8
j  io.cucumber.core.runtime.RethrowingThrowableCollector.executeAndThrow(Ljava/lang/Runnable;)V+1
j  io.cucumber.core.runtime.CucumberExecutionContext.runTestCase(Ljava/util/function/Consumer;)V+16
j  io.cucumber.testng.TestNGCucumberRunner.runScenario(Lio/cucumber/testng/Pickle;)V+10
j  io.cucumber.testng.AbstractTestNGCucumberTests.runScenario(Lio/cucumber/testng/PickleWrapper;Lio/cucumber/testng/FeatureWrapper;)V+10
v  ~StubRoutines::call_stub
j  jdk.internal.reflect.NativeMethodAccessorImpl.invoke0(Ljava/lang/reflect/Method;Ljava/lang/Object;[Ljava/lang/Object;)Ljava/lang/Object;+0 java.base@17.0.7
j  jdk.internal.reflect.NativeMethodAccessorImpl.invoke(Ljava/lang/Object;[Ljava/lang/Object;)Ljava/lang/Object;+133 java.base@17.0.7
j  jdk.internal.reflect.DelegatingMethodAccessorImpl.invoke(Ljava/lang/Object;[Ljava/lang/Object;)Ljava/lang/Object;+6 java.base@17.0.7
j  java.lang.reflect.Method.invoke(Ljava/lang/Object;[Ljava/lang/Object;)Ljava/lang/Object;+59 java.base@17.0.7
j  org.testng.internal.invokers.MethodInvocationHelper.invokeMethod(Ljava/lang/reflect/Method;Ljava/lang/Object;[Ljava/lang/Object;)Ljava/lang/Object;+198
j  org.testng.internal.invokers.TestInvoker.invokeMethod(Lorg/testng/internal/invokers/TestMethodArguments;Lorg/testng/xml/XmlSuite;Lorg/testng/internal/invokers/ITestInvoker$FailureContext;)Lorg/testng/ITestResult;+1034
j  org.testng.internal.invokers.TestInvoker.invokeTestMethod(Lorg/testng/internal/invokers/TestMethodArguments;Lorg/testng/xml/XmlSuite;Lorg/testng/internal/invokers/ITestInvoker$FailureContext;)Lorg/testng/ITestResult;+16
j  org.testng.internal.invokers.TestMethodWithDataProviderMethodWorker.call()Ljava/util/List;+124
j  org.testng.internal.invokers.TestMethodWithDataProviderMethodWorker.call()Ljava/lang/Object;+1
j  java.util.concurrent.FutureTask.run()V+39 java.base@17.0.7
j  java.util.concurrent.Executors$RunnableAdapter.call()Ljava/lang/Object;+4 java.base@17.0.7
j  java.util.concurrent.FutureTask.run()V+39 java.base@17.0.7
j  java.util.concurrent.ThreadPoolExecutor.runWorker(Ljava/util/concurrent/ThreadPoolExecutor$Worker;)V+92 java.base@17.0.7
j  java.util.concurrent.ThreadPoolExecutor$Worker.run()V+5 java.base@17.0.7
j  java.lang.Thread.run()V+11 java.base@17.0.7
v  ~StubRoutines::call_stub

---------------  P R O C E S S  ---------------

Threads class SMR info:
_java_thread_list=0x0000000064966170, length=39, elements={
0x00000000003feaa0, 0x000000001be04f40, 0x000000001be05ac0, 0x000000001be276a0,
0x000000001be4a120, 0x000000001be4a9e0, 0x000000001be4b2a0, 0x000000001be4be90,
0x000000001bec3e40, 0x000000001bec4f10, 0x0000000060dc63f0, 0x0000000060de8930,
0x00000000626d7dc0, 0x000000006459d5e0, 0x000000006459dab0, 0x000000006459df80,
0x0000000063e357b0, 0x0000000063e35c80, 0x0000000063e36150, 0x0000000063e36620,
0x0000000063e36af0, 0x0000000063e36fc0, 0x0000000063e37490, 0x0000000063e37960,
0x0000000063e37e30, 0x0000000063e38300, 0x0000000063e387d0, 0x0000000063e38ca0,
0x0000000063e39170, 0x0000000060ed7090, 0x0000000060ed7560, 0x0000000060ed7a30,
0x0000000060ed7f00, 0x0000000060ed83d0, 0x0000000060ed88a0, 0x0000000060ed8d70,
0x0000000060ed9710, 0x0000000060ed9be0, 0x0000000060eda0b0
}

Java Threads: ( => current thread )
  0x00000000003feaa0 JavaThread "main" [_thread_blocked, id=9884, stack(0x00000000022b0000,0x00000000023b0000)]
  0x000000001be04f40 JavaThread "Reference Handler" daemon [_thread_blocked, id=1864, stack(0x0000000060260000,0x0000000060360000)]
  0x000000001be05ac0 JavaThread "Finalizer" daemon [_thread_blocked, id=10728, stack(0x0000000060530000,0x0000000060630000)]
  0x000000001be276a0 JavaThread "Signal Dispatcher" daemon [_thread_blocked, id=9000, stack(0x00000000603f0000,0x00000000604f0000)]
  0x000000001be4a120 JavaThread "Attach Listener" daemon [_thread_blocked, id=1268, stack(0x0000000060670000,0x0000000060770000)]
  0x000000001be4a9e0 JavaThread "Service Thread" daemon [_thread_blocked, id=6308, stack(0x00000000608a0000,0x00000000609a0000)]
  0x000000001be4b2a0 JavaThread "Monitor Deflation Thread" daemon [_thread_blocked, id=10340, stack(0x0000000060af0000,0x0000000060bf0000)]
  0x000000001be4be90 JavaThread "C2 CompilerThread0" daemon [_thread_blocked, id=5892, stack(0x00000000609b0000,0x0000000060ab0000)]
  0x000000001bec3e40 JavaThread "C1 CompilerThread0" daemon [_thread_blocked, id=6408, stack(0x0000000060790000,0x0000000060890000)]
  0x000000001bec4f10 JavaThread "Sweeper thread" daemon [_thread_blocked, id=8248, stack(0x0000000060bf0000,0x0000000060cf0000)]
  0x0000000060dc63f0 JavaThread "Notification Thread" daemon [_thread_blocked, id=1888, stack(0x0000000061230000,0x0000000061330000)]
  0x0000000060de8930 JavaThread "Common-Cleaner" daemon [_thread_blocked, id=9668, stack(0x00000000610f0000,0x00000000611f0000)]
  0x00000000626d7dc0 JavaThread "ReaderThread" [_thread_in_native, id=8640, stack(0x00000000634a0000,0x00000000635a0000)]
=>0x000000006459d5e0 JavaThread "Forwarding newSession on session null to remote" [_thread_in_vm, id=5148, stack(0x0000000064c80000,0x0000000064d80000)]
  0x000000006459dab0 JavaThread "Forwarding newSession on session null to remote" [_thread_blocked, id=9852, stack(0x0000000064d90000,0x0000000064e90000)]
  0x000000006459df80 JavaThread "Forwarding newSession on session null to remote" [_thread_blocked, id=9996, stack(0x0000000064f90000,0x0000000065090000)]
  0x0000000063e357b0 JavaThread "ForkJoinPool.commonPool-worker-1" daemon [_thread_blocked, id=4396, stack(0x0000000063680000,0x0000000063780000)]
  0x0000000063e35c80 JavaThread "AsyncHttpClient-1-1" daemon [_thread_in_vm, id=8680, stack(0x0000000065180000,0x0000000065280000)]
  0x0000000063e36150 JavaThread "Exec Default Executor" daemon [_thread_in_native, id=10376, stack(0x0000000065330000,0x0000000065430000)]
  0x0000000063e36620 JavaThread "Exec Default Executor" daemon [_thread_in_native, id=10992, stack(0x0000000065520000,0x0000000065620000)]
  0x0000000063e36af0 JavaThread "Exec Default Executor" daemon [_thread_in_native, id=6556, stack(0x00000000656a0000,0x00000000657a0000)]
  0x0000000063e36fc0 JavaThread "Exec Stream Pumper" daemon [_thread_in_native, id=8056, stack(0x0000000063780000,0x0000000063880000)]
  0x0000000063e37490 JavaThread "Exec Stream Pumper" daemon [_thread_in_native, id=4344, stack(0x0000000065830000,0x0000000065930000)]
  0x0000000063e37960 JavaThread "Exec Stream Pumper" daemon [_thread_in_native, id=9212, stack(0x0000000064e90000,0x0000000064f90000)]
  0x0000000063e37e30 JavaThread "Exec Stream Pumper" daemon [_thread_in_native, id=2624, stack(0x0000000063980000,0x0000000063a80000)]
  0x0000000063e38300 JavaThread "Exec Stream Pumper" daemon [_thread_in_native, id=9748, stack(0x0000000065970000,0x0000000065a70000)]
  0x0000000063e387d0 JavaThread "Exec Stream Pumper" daemon [_thread_in_native, id=4528, stack(0x0000000065a80000,0x0000000065b80000)]
  0x0000000063e38ca0 JavaThread "Driver Service Executor" daemon [_thread_blocked, id=10872, stack(0x0000000061340000,0x0000000061440000)]
  0x0000000063e39170 JavaThread "Driver Service Executor" daemon [_thread_blocked, id=1496, stack(0x0000000065cb0000,0x0000000065db0000)]
  0x0000000060ed7090 JavaThread "Driver Service Executor" daemon [_thread_blocked, id=9808, stack(0x0000000065e80000,0x0000000065f80000)]
  0x0000000060ed7560 JavaThread "Driver Service Executor" daemon [_thread_blocked, id=8572, stack(0x00000000660a0000,0x00000000661a0000)]
  0x0000000060ed7a30 JavaThread "UrlChecker-2" daemon [_thread_blocked, id=11208, stack(0x0000000065f80000,0x0000000066080000)]
  0x0000000060ed7f00 JavaThread "Driver Service Executor" daemon [_thread_blocked, id=6996, stack(0x0000000065b90000,0x0000000065c90000)]
  0x0000000060ed83d0 JavaThread "Driver Service Executor" daemon [_thread_blocked, id=4584, stack(0x0000000066570000,0x0000000066670000)]
  0x0000000060ed88a0 JavaThread "UrlChecker-3" daemon [_thread_blocked, id=10092, stack(0x0000000066710000,0x0000000066810000)]
  0x0000000060ed8d70 JavaThread "UrlChecker-4" daemon [_thread_blocked, id=7412, stack(0x0000000066840000,0x0000000066940000)]
  0x0000000060ed9710 JavaThread "AsyncHttpClient-1-2" daemon [_thread_in_native, id=8224, stack(0x00000000663c0000,0x00000000664c0000)]
  0x0000000060ed9be0 JavaThread "AsyncHttpClient-1-3" daemon [_thread_in_native, id=3536, stack(0x0000000066970000,0x0000000066a70000)]
  0x0000000060eda0b0 JavaThread "AsyncHttpClient-1-4" daemon [_thread_in_native, id=9160, stack(0x0000000067c40000,0x0000000067d40000)]

Other Threads:
  0x000000001be16f20 VMThread "VM Thread" [stack: 0x0000000060070000,0x0000000060170000] [id=5988] _threads_hazard_ptr=0x0000000064966170
  0x0000000060dc68c0 WatcherThread [stack: 0x0000000061440000,0x0000000061540000] [id=7136]
  0x0000000000455ee0 GCTaskThread "GC Thread#0" [stack: 0x0000000019100000,0x0000000019200000] [id=7800]
  0x00000000626d8690 GCTaskThread "GC Thread#1" [stack: 0x0000000063880000,0x0000000063980000] [id=9864]
  0x00000000626d7a50 GCTaskThread "GC Thread#2" [stack: 0x0000000063a80000,0x0000000063b80000] [id=10660]
  0x00000000623ec0f0 GCTaskThread "GC Thread#3" [stack: 0x0000000063ba0000,0x0000000063ca0000] [id=5340]
  0x000000000045e450 ConcurrentGCThread "G1 Main Marker" [stack: 0x0000000019460000,0x0000000019560000] [id=7092]
  0x000000000045ed70 ConcurrentGCThread "G1 Conc#0" [stack: 0x0000000019610000,0x0000000019710000] [id=3900]
  0x0000000019263500 ConcurrentGCThread "G1 Refine#0" [stack: 0x000000001ba90000,0x000000001bb90000] [id=10412]
  0x00000000192652d0 ConcurrentGCThread "G1 Service" [stack: 0x000000001bc00000,0x000000001bd00000] [id=8756]

Threads with active compile tasks:

VM state: synchronizing (normal execution)

VM Mutex/Monitor currently owned by a thread:  ([mutex/lock_event])
[0x00000000003f85a0] Metaspace_lock - owner thread: 0x000000006459d5e0
[0x00000000003f9320] Threads_lock - owner thread: 0x000000001be16f20

Heap address: 0x0000000098c00000, size: 1652 MB, Compressed Oops mode: 32-bit

CDS archive(s) not mapped
Compressed class space mapped at: 0x000000001c000000-0x000000005c000000, reserved size: 1073741824
Narrow klass base: 0x0000000000000000, Narrow klass shift: 0, Narrow klass range: 0x5c000000

GC Precious Log:
 CPUs: 4 total, 4 available
 Memory: 6605M
 Large Page Support: Disabled
 NUMA Support: Disabled
 Compressed Oops: Enabled (32-bit)
 Heap Region Size: 1M
 Heap Min Capacity: 8M
 Heap Initial Capacity: 104M
 Heap Max Capacity: 1652M
 Pre-touch: Disabled
 Parallel Workers: 4
 Concurrent Workers: 1
 Concurrent Refinement Workers: 4
 Periodic GC: Disabled

Heap:
 garbage-first heap   total 59392K, used 33931K [0x0000000098c00000, 0x0000000100000000)
  region size 1024K, 4 young (4096K), 1 survivors (1024K)
 Metaspace       used 40106K, committed 40448K, reserved 1114112K
  class space    used 4742K, committed 4928K, reserved 1048576K

Heap Regions: E=young(eden), S=young(survivor), O=old, HS=humongous(starts), HC=humongous(continues), CS=collection set, F=free, OA=open archive, CA=closed archive, TAMS=top-at-mark-start (previous, next)
|   0|0x0000000098c00000, 0x0000000098d00000, 0x0000000098d00000|100%| O|  |TAMS 0x0000000098d00000, 0x0000000098c00000| Untracked 
|   1|0x0000000098d00000, 0x0000000098e00000, 0x0000000098e00000|100%| O|  |TAMS 0x0000000098e00000, 0x0000000098d00000| Untracked 
|   2|0x0000000098e00000, 0x0000000098f00000, 0x0000000098f00000|100%| O|  |TAMS 0x0000000098f00000, 0x0000000098e00000| Untracked 
|   3|0x0000000098f00000, 0x0000000099000000, 0x0000000099000000|100%| O|  |TAMS 0x0000000099000000, 0x0000000098f00000| Untracked 
|   4|0x0000000099000000, 0x0000000099100000, 0x0000000099100000|100%| O|  |TAMS 0x0000000099100000, 0x0000000099000000| Untracked 
|   5|0x0000000099100000, 0x0000000099200000, 0x0000000099200000|100%| O|  |TAMS 0x0000000099200000, 0x0000000099100000| Untracked 
|   6|0x0000000099200000, 0x0000000099300000, 0x0000000099300000|100%| O|  |TAMS 0x0000000099300000, 0x0000000099200000| Untracked 
|   7|0x0000000099300000, 0x0000000099400000, 0x0000000099400000|100%| O|  |TAMS 0x0000000099400000, 0x0000000099300000| Untracked 
|   8|0x0000000099400000, 0x0000000099500000, 0x0000000099500000|100%| O|  |TAMS 0x0000000099500000, 0x0000000099400000| Untracked 
|   9|0x0000000099500000, 0x0000000099600000, 0x0000000099600000|100%| O|  |TAMS 0x0000000099600000, 0x0000000099500000| Untracked 
|  10|0x0000000099600000, 0x0000000099700000, 0x0000000099700000|100%| O|  |TAMS 0x0000000099700000, 0x0000000099600000| Untracked 
|  11|0x0000000099700000, 0x0000000099700000, 0x0000000099800000|  0%| F|  |TAMS 0x0000000099700000, 0x0000000099700000| Untracked 
|  12|0x0000000099800000, 0x0000000099900000, 0x0000000099900000|100%| O|  |TAMS 0x0000000099900000, 0x0000000099800000| Untracked 
|  13|0x0000000099900000, 0x0000000099a00000, 0x0000000099a00000|100%| O|  |TAMS 0x0000000099a00000, 0x0000000099900000| Untracked 
|  14|0x0000000099a00000, 0x0000000099b00000, 0x0000000099b00000|100%| O|  |TAMS 0x0000000099b00000, 0x0000000099a00000| Untracked 
|  15|0x0000000099b00000, 0x0000000099c00000, 0x0000000099c00000|100%| O|  |TAMS 0x0000000099c00000, 0x0000000099b00000| Untracked 
|  16|0x0000000099c00000, 0x0000000099c46600, 0x0000000099d00000| 27%| O|  |TAMS 0x0000000099c46600, 0x0000000099c00000| Untracked 
|  17|0x0000000099d00000, 0x0000000099e00000, 0x0000000099e00000|100%|HS|  |TAMS 0x0000000099d00000, 0x0000000099d00000| Complete 
|  18|0x0000000099e00000, 0x0000000099f00000, 0x0000000099f00000|100%|HC|  |TAMS 0x0000000099e00000, 0x0000000099e00000| Complete 
|  19|0x0000000099f00000, 0x000000009a000000, 0x000000009a000000|100%|HC|  |TAMS 0x0000000099f00000, 0x0000000099f00000| Complete 
|  20|0x000000009a000000, 0x000000009a100000, 0x000000009a100000|100%|HC|  |TAMS 0x000000009a000000, 0x000000009a000000| Complete 
|  21|0x000000009a100000, 0x000000009a200000, 0x000000009a200000|100%|HC|  |TAMS 0x000000009a100000, 0x000000009a100000| Complete 
|  22|0x000000009a200000, 0x000000009a200000, 0x000000009a300000|  0%| F|  |TAMS 0x000000009a200000, 0x000000009a200000| Untracked 
|  23|0x000000009a300000, 0x000000009a3dc718, 0x000000009a400000| 86%| S|CS|TAMS 0x000000009a300000, 0x000000009a300000| Complete 
|  24|0x000000009a400000, 0x000000009a500000, 0x000000009a500000|100%|HS|  |TAMS 0x000000009a400000, 0x000000009a400000| Complete 
|  25|0x000000009a500000, 0x000000009a600000, 0x000000009a600000|100%|HC|  |TAMS 0x000000009a500000, 0x000000009a500000| Complete 
|  26|0x000000009a600000, 0x000000009a700000, 0x000000009a700000|100%|HC|  |TAMS 0x000000009a600000, 0x000000009a600000| Complete 
|  27|0x000000009a700000, 0x000000009a800000, 0x000000009a800000|100%|HC|  |TAMS 0x000000009a700000, 0x000000009a700000| Complete 
|  28|0x000000009a800000, 0x000000009a900000, 0x000000009a900000|100%|HC|  |TAMS 0x000000009a800000, 0x000000009a800000| Complete 
|  29|0x000000009a900000, 0x000000009aa00000, 0x000000009aa00000|100%|HS|  |TAMS 0x000000009a900000, 0x000000009a900000| Complete 
|  30|0x000000009aa00000, 0x000000009ab00000, 0x000000009ab00000|100%|HC|  |TAMS 0x000000009aa00000, 0x000000009aa00000| Complete 
|  31|0x000000009ab00000, 0x000000009ac00000, 0x000000009ac00000|100%|HC|  |TAMS 0x000000009ab00000, 0x000000009ab00000| Complete 
|  32|0x000000009ac00000, 0x000000009ad00000, 0x000000009ad00000|100%|HC|  |TAMS 0x000000009ac00000, 0x000000009ac00000| Complete 
|  33|0x000000009ad00000, 0x000000009ae00000, 0x000000009ae00000|100%|HC|  |TAMS 0x000000009ad00000, 0x000000009ad00000| Complete 
|  34|0x000000009ae00000, 0x000000009ae00000, 0x000000009af00000|  0%| F|  |TAMS 0x000000009ae00000, 0x000000009ae00000| Untracked 
|  35|0x000000009af00000, 0x000000009af00000, 0x000000009b000000|  0%| F|  |TAMS 0x000000009af00000, 0x000000009af00000| Untracked 
|  36|0x000000009b000000, 0x000000009b000000, 0x000000009b100000|  0%| F|  |TAMS 0x000000009b000000, 0x000000009b000000| Untracked 
|  37|0x000000009b100000, 0x000000009b100000, 0x000000009b200000|  0%| F|  |TAMS 0x000000009b100000, 0x000000009b100000| Untracked 
|  38|0x000000009b200000, 0x000000009b200000, 0x000000009b300000|  0%| F|  |TAMS 0x000000009b200000, 0x000000009b200000| Untracked 
|  39|0x000000009b300000, 0x000000009b300000, 0x000000009b400000|  0%| F|  |TAMS 0x000000009b300000, 0x000000009b300000| Untracked 
|  40|0x000000009b400000, 0x000000009b400000, 0x000000009b500000|  0%| F|  |TAMS 0x000000009b400000, 0x000000009b400000| Untracked 
|  41|0x000000009b500000, 0x000000009b500000, 0x000000009b600000|  0%| F|  |TAMS 0x000000009b500000, 0x000000009b500000| Untracked 
|  42|0x000000009b600000, 0x000000009b600000, 0x000000009b700000|  0%| F|  |TAMS 0x000000009b600000, 0x000000009b600000| Untracked 
|  43|0x000000009b700000, 0x000000009b700000, 0x000000009b800000|  0%| F|  |TAMS 0x000000009b700000, 0x000000009b700000| Untracked 
|  44|0x000000009b800000, 0x000000009b800000, 0x000000009b900000|  0%| F|  |TAMS 0x000000009b800000, 0x000000009b800000| Untracked 
|  45|0x000000009b900000, 0x000000009b900000, 0x000000009ba00000|  0%| F|  |TAMS 0x000000009b900000, 0x000000009b900000| Untracked 
|  46|0x000000009ba00000, 0x000000009ba00000, 0x000000009bb00000|  0%| F|  |TAMS 0x000000009ba00000, 0x000000009ba00000| Untracked 
|  47|0x000000009bb00000, 0x000000009bb00000, 0x000000009bc00000|  0%| F|  |TAMS 0x000000009bb00000, 0x000000009bb00000| Untracked 
|  48|0x000000009bc00000, 0x000000009bc00000, 0x000000009bd00000|  0%| F|  |TAMS 0x000000009bc00000, 0x000000009bc00000| Untracked 
|  49|0x000000009bd00000, 0x000000009bd00000, 0x000000009be00000|  0%| F|  |TAMS 0x000000009bd00000, 0x000000009bd00000| Untracked 
|  50|0x000000009be00000, 0x000000009be00000, 0x000000009bf00000|  0%| F|  |TAMS 0x000000009be00000, 0x000000009be00000| Untracked 
|  51|0x000000009bf00000, 0x000000009bf00000, 0x000000009c000000|  0%| F|  |TAMS 0x000000009bf00000, 0x000000009bf00000| Untracked 
|  52|0x000000009c000000, 0x000000009c000000, 0x000000009c100000|  0%| F|  |TAMS 0x000000009c000000, 0x000000009c000000| Untracked 
|  53|0x000000009c100000, 0x000000009c100000, 0x000000009c200000|  0%| F|  |TAMS 0x000000009c100000, 0x000000009c100000| Untracked 
|  54|0x000000009c200000, 0x000000009c200000, 0x000000009c300000|  0%| F|  |TAMS 0x000000009c200000, 0x000000009c200000| Untracked 
|  93|0x000000009e900000, 0x000000009e93bb08, 0x000000009ea00000| 23%| E|  |TAMS 0x000000009e900000, 0x000000009e900000| Complete 
|  94|0x000000009ea00000, 0x000000009eb00000, 0x000000009eb00000|100%| E|CS|TAMS 0x000000009ea00000, 0x000000009ea00000| Complete 
|  95|0x000000009eb00000, 0x000000009ec00000, 0x000000009ec00000|100%| E|CS|TAMS 0x000000009eb00000, 0x000000009eb00000| Complete 

Card table byte_map: [0x00000000156e0000,0x0000000015a20000] _byte_map_base: 0x000000001521a000

Marking Bits (Prev, Next): (CMBitMap*) 0x0000000000456440, (CMBitMap*) 0x0000000000456400
 Prev Bits: [0x0000000017730000, 0x0000000019100000)
 Next Bits: [0x0000000015d60000, 0x0000000017730000)

Polling page: 0x0000000000120000

Metaspace:

Usage:
  Non-class:     34.54 MB used.
      Class:      4.63 MB used.
       Both:     39.17 MB used.

Virtual space:
  Non-class space:       64.00 MB reserved,      34.69 MB ( 54%) committed,  1 nodes.
      Class space:        1.00 GB reserved,       4.81 MB ( <1%) committed,  1 nodes.
             Both:        1.06 GB reserved,      39.50 MB (  4%) committed. 

Chunk freelists:
   Non-Class:  13.05 MB
       Class:  11.16 MB
        Both:  24.20 MB

MaxMetaspaceSize: unlimited
CompressedClassSpaceSize: 1.00 GB
Initial GC threshold: 21.00 MB
Current GC threshold: 65.44 MB
CDS: off
MetaspaceReclaimPolicy: balanced
 - commit_granule_bytes: 65536.
 - commit_granule_words: 8192.
 - virtual_space_node_default_size: 8388608.
 - enlarge_chunks_in_place: 1.
 - new_chunks_are_fully_committed: 0.
 - uncommit_free_chunks: 1.
 - use_allocation_guard: 0.
 - handle_deallocations: 1.


Internal statistics:

num_allocs_failed_limit: 6.
num_arena_births: 472.
num_arena_deaths: 16.
num_vsnodes_births: 2.
num_vsnodes_deaths: 0.
num_space_committed: 632.
num_space_uncommitted: 0.
num_chunks_returned_to_freelist: 22.
num_chunks_taken_from_freelist: 1462.
num_chunk_merges: 9.
num_chunk_splits: 984.
num_chunks_enlarged: 713.
num_inconsistent_stats: 0.

CodeHeap 'non-profiled nmethods': size=120000Kb used=1359Kb max_used=1359Kb free=118640Kb
 bounds [0x000000000d940000, 0x000000000dbb0000, 0x0000000014e70000]
CodeHeap 'profiled nmethods': size=120000Kb used=6019Kb max_used=6019Kb free=113980Kb
 bounds [0x0000000005e70000, 0x0000000006460000, 0x000000000d3a0000]
CodeHeap 'non-nmethods': size=5760Kb used=1296Kb max_used=1342Kb free=4463Kb
 bounds [0x000000000d3a0000, 0x000000000d610000, 0x000000000d940000]
 total_blobs=3633 nmethods=3012 adapters=533
 compilation: enabled
              stopped_count=0, restarted_count=0
 full_count=0

Compilation events (20 events):
Event: 22.040 Thread 0x000000001bec3e40 3008       1       io.netty.util.HashedWheelTimer::access$900 (5 bytes)
Event: 22.040 Thread 0x000000001bec3e40 nmethod 3008 0x000000000da92e90 code [0x000000000da93020, 0x000000000da930d8]
Event: 22.115 Thread 0x000000001bec3e40 3009       1       io.netty.util.HashedWheelTimer::access$400 (5 bytes)
Event: 22.116 Thread 0x000000001bec3e40 nmethod 3009 0x000000000da93190 code [0x000000000da93320, 0x000000000da933d8]
Event: 22.118 Thread 0x000000001bec3e40 3010       1       io.netty.util.HashedWheelTimer::access$700 (5 bytes)
Event: 22.118 Thread 0x000000001bec3e40 nmethod 3010 0x000000000da93490 code [0x000000000da93620, 0x000000000da936d8]
Event: 23.507 Thread 0x000000001bec3e40 3011       1       io.netty.util.HashedWheelTimer::access$1000 (5 bytes)
Event: 23.507 Thread 0x000000001bec3e40 nmethod 3011 0x000000000da93790 code [0x000000000da93920, 0x000000000da939d8]
Event: 25.606 Thread 0x000000001bec3e40 3012       3       java.util.concurrent.atomic.AtomicIntegerFieldUpdater$AtomicIntegerFieldUpdaterImpl::accessCheck (17 bytes)
Event: 25.607 Thread 0x000000001bec3e40 nmethod 3012 0x000000000644d990 code [0x000000000644db40, 0x000000000644dd08]
Event: 32.579 Thread 0x000000001bec3e40 3013       1       java.util.concurrent.atomic.AtomicInteger::get (5 bytes)
Event: 32.579 Thread 0x000000001bec3e40 nmethod 3013 0x000000000da93a90 code [0x000000000da93c20, 0x000000000da93cf8]
Event: 33.807 Thread 0x000000001bec3e40 3014       3       java.util.concurrent.atomic.AtomicIntegerFieldUpdater$AtomicIntegerFieldUpdaterImpl::get (17 bytes)
Event: 33.808 Thread 0x000000001bec3e40 nmethod 3014 0x000000000644de10 code [0x000000000644dfc0, 0x000000000644e1e8]
Event: 35.665 Thread 0x000000001bec3e40 3015       3       io.netty.channel.nio.AbstractNioChannel::eventLoop (5 bytes)
Event: 35.666 Thread 0x000000001bec3e40 nmethod 3015 0x000000000644e310 code [0x000000000644e4e0, 0x000000000644e908]
Event: 35.680 Thread 0x000000001bec3e40 3016       3       io.netty.util.AsciiString::<init> (131 bytes)
Event: 35.684 Thread 0x000000001bec3e40 nmethod 3016 0x000000000644ea90 code [0x000000000644eda0, 0x000000000644fdd8]
Event: 35.717 Thread 0x000000001bec3e40 3017       3       io.netty.channel.AbstractChannelHandlerContext::executor (22 bytes)
Event: 35.719 Thread 0x000000001bec3e40 nmethod 3017 0x0000000006450410 code [0x0000000006450600, 0x0000000006450c88]

GC Heap History (20 events):
Event: 6.982 GC heap before
{Heap before GC invocations=3 (full 0):
 garbage-first heap   total 106496K, used 16319K [0x0000000098c00000, 0x0000000100000000)
  region size 1024K, 11 young (11264K), 3 survivors (3072K)
 Metaspace       used 21314K, committed 21504K, reserved 1114112K
  class space    used 2223K, committed 2304K, reserved 1048576K
}
Event: 6.995 GC heap after
{Heap after GC invocations=4 (full 0):
 garbage-first heap   total 106496K, used 9569K [0x0000000098c00000, 0x0000000100000000)
  region size 1024K, 3 young (3072K), 3 survivors (3072K)
 Metaspace       used 21314K, committed 21504K, reserved 1114112K
  class space    used 2223K, committed 2304K, reserved 1048576K
}
Event: 8.825 GC heap before
{Heap before GC invocations=5 (full 0):
 garbage-first heap   total 34816K, used 24929K [0x0000000098c00000, 0x0000000100000000)
  region size 1024K, 19 young (19456K), 3 survivors (3072K)
 Metaspace       used 24953K, committed 25280K, reserved 1114112K
  class space    used 2727K, committed 2880K, reserved 1048576K
}
Event: 8.841 GC heap after
{Heap after GC invocations=6 (full 0):
 garbage-first heap   total 34816K, used 11145K [0x0000000098c00000, 0x0000000100000000)
  region size 1024K, 3 young (3072K), 3 survivors (3072K)
 Metaspace       used 24953K, committed 25280K, reserved 1114112K
  class space    used 2727K, committed 2880K, reserved 1048576K
}
Event: 9.064 GC heap before
{Heap before GC invocations=6 (full 0):
 garbage-first heap   total 34816K, used 12169K [0x0000000098c00000, 0x0000000100000000)
  region size 1024K, 4 young (4096K), 3 survivors (3072K)
 Metaspace       used 25132K, committed 25472K, reserved 1114112K
  class space    used 2758K, committed 2944K, reserved 1048576K
}
Event: 9.079 GC heap after
{Heap after GC invocations=7 (full 0):
 garbage-first heap   total 34816K, used 11218K [0x0000000098c00000, 0x0000000100000000)
  region size 1024K, 1 young (1024K), 1 survivors (1024K)
 Metaspace       used 25132K, committed 25472K, reserved 1114112K
  class space    used 2758K, committed 2944K, reserved 1048576K
}
Event: 9.964 GC heap before
{Heap before GC invocations=7 (full 0):
 garbage-first heap   total 34816K, used 20434K [0x0000000098c00000, 0x0000000100000000)
  region size 1024K, 11 young (11264K), 1 survivors (1024K)
 Metaspace       used 27356K, committed 27712K, reserved 1114112K
  class space    used 3082K, committed 3264K, reserved 1048576K
}
Event: 9.975 GC heap after
{Heap after GC invocations=8 (full 0):
 garbage-first heap   total 34816K, used 12159K [0x0000000098c00000, 0x0000000100000000)
  region size 1024K, 2 young (2048K), 2 survivors (2048K)
 Metaspace       used 27356K, committed 27712K, reserved 1114112K
  class space    used 3082K, committed 3264K, reserved 1048576K
}
Event: 10.730 GC heap before
{Heap before GC invocations=8 (full 0):
 garbage-first heap   total 34816K, used 22399K [0x0000000098c00000, 0x0000000100000000)
  region size 1024K, 12 young (12288K), 2 survivors (2048K)
 Metaspace       used 30271K, committed 30592K, reserved 1114112K
  class space    used 3479K, committed 3648K, reserved 1048576K
}
Event: 10.745 GC heap after
{Heap after GC invocations=9 (full 0):
 garbage-first heap   total 34816K, used 12883K [0x0000000098c00000, 0x0000000100000000)
  region size 1024K, 1 young (1024K), 1 survivors (1024K)
 Metaspace       used 30271K, committed 30592K, reserved 1114112K
  class space    used 3479K, committed 3648K, reserved 1048576K
}
Event: 11.771 GC heap before
{Heap before GC invocations=9 (full 0):
 garbage-first heap   total 34816K, used 24147K [0x0000000098c00000, 0x0000000100000000)
  region size 1024K, 12 young (12288K), 1 survivors (1024K)
 Metaspace       used 34237K, committed 34624K, reserved 1114112K
  class space    used 3917K, committed 4096K, reserved 1048576K
}
Event: 11.782 GC heap after
{Heap after GC invocations=10 (full 0):
 garbage-first heap   total 34816K, used 14712K [0x0000000098c00000, 0x0000000100000000)
  region size 1024K, 2 young (2048K), 2 survivors (2048K)
 Metaspace       used 34237K, committed 34624K, reserved 1114112K
  class space    used 3917K, committed 4096K, reserved 1048576K
}
Event: 12.019 GC heap before
{Heap before GC invocations=10 (full 0):
 garbage-first heap   total 34816K, used 17784K [0x0000000098c00000, 0x0000000100000000)
  region size 1024K, 6 young (6144K), 2 survivors (2048K)
 Metaspace       used 35590K, committed 35968K, reserved 1114112K
  class space    used 4058K, committed 4224K, reserved 1048576K
}
Event: 12.030 GC heap after
{Heap after GC invocations=11 (full 0):
 garbage-first heap   total 34816K, used 15279K [0x0000000098c00000, 0x0000000100000000)
  region size 1024K, 1 young (1024K), 1 survivors (1024K)
 Metaspace       used 35590K, committed 35968K, reserved 1114112K
  class space    used 4058K, committed 4224K, reserved 1048576K
}
Event: 15.045 GC heap before
{Heap before GC invocations=12 (full 0):
 garbage-first heap   total 34816K, used 24495K [0x0000000098c00000, 0x0000000100000000)
  region size 1024K, 10 young (10240K), 1 survivors (1024K)
 Metaspace       used 37496K, committed 37952K, reserved 1114112K
  class space    used 4378K, committed 4608K, reserved 1048576K
}
Event: 15.054 GC heap after
{Heap after GC invocations=13 (full 0):
 garbage-first heap   total 34816K, used 15962K [0x0000000098c00000, 0x0000000100000000)
  region size 1024K, 2 young (2048K), 2 survivors (2048K)
 Metaspace       used 37496K, committed 37952K, reserved 1114112K
  class space    used 4378K, committed 4608K, reserved 1048576K
}
Event: 15.106 GC heap before
{Heap before GC invocations=13 (full 0):
 garbage-first heap   total 34816K, used 16986K [0x0000000098c00000, 0x0000000100000000)
  region size 1024K, 3 young (3072K), 2 survivors (2048K)
 Metaspace       used 37574K, committed 38016K, reserved 1114112K
  class space    used 4392K, committed 4608K, reserved 1048576K
}
Event: 15.117 GC heap after
{Heap after GC invocations=14 (full 0):
 garbage-first heap   total 34816K, used 15810K [0x0000000098c00000, 0x0000000100000000)
  region size 1024K, 1 young (1024K), 1 survivors (1024K)
 Metaspace       used 37574K, committed 38016K, reserved 1114112K
  class space    used 4392K, committed 4608K, reserved 1048576K
}
Event: 16.224 GC heap before
{Heap before GC invocations=14 (full 0):
 garbage-first heap   total 34816K, used 25026K [0x0000000098c00000, 0x0000000100000000)
  region size 1024K, 10 young (10240K), 1 survivors (1024K)
 Metaspace       used 39736K, committed 40128K, reserved 1114112K
  class space    used 4689K, committed 4864K, reserved 1048576K
}
Event: 16.235 GC heap after
{Heap after GC invocations=15 (full 0):
 garbage-first heap   total 59392K, used 16523K [0x0000000098c00000, 0x0000000100000000)
  region size 1024K, 1 young (1024K), 1 survivors (1024K)
 Metaspace       used 39736K, committed 40128K, reserved 1114112K
  class space    used 4689K, committed 4864K, reserved 1048576K
}

Dll operation events (9 events):
Event: 0.016 Loaded shared library C:\Eclipse\eclipse\plugins\org.eclipse.justj.openjdk.hotspot.jre.full.win32.x86_64_17.0.7.v20230425-1502\jre\bin\java.dll
Event: 0.627 Loaded shared library C:\Eclipse\eclipse\plugins\org.eclipse.justj.openjdk.hotspot.jre.full.win32.x86_64_17.0.7.v20230425-1502\jre\bin\net.dll
Event: 0.630 Loaded shared library C:\Eclipse\eclipse\plugins\org.eclipse.justj.openjdk.hotspot.jre.full.win32.x86_64_17.0.7.v20230425-1502\jre\bin\nio.dll
Event: 0.657 Loaded shared library C:\Eclipse\eclipse\plugins\org.eclipse.justj.openjdk.hotspot.jre.full.win32.x86_64_17.0.7.v20230425-1502\jre\bin\zip.dll
Event: 1.466 Loaded shared library C:\Eclipse\eclipse\plugins\org.eclipse.justj.openjdk.hotspot.jre.full.win32.x86_64_17.0.7.v20230425-1502\jre\bin\jimage.dll
Event: 1.836 Loaded shared library C:\Eclipse\eclipse\plugins\org.eclipse.justj.openjdk.hotspot.jre.full.win32.x86_64_17.0.7.v20230425-1502\jre\bin\verify.dll
Event: 10.610 Loaded shared library C:\Eclipse\eclipse\plugins\org.eclipse.justj.openjdk.hotspot.jre.full.win32.x86_64_17.0.7.v20230425-1502\jre\bin\management.dll
Event: 10.624 Loaded shared library C:\Eclipse\eclipse\plugins\org.eclipse.justj.openjdk.hotspot.jre.full.win32.x86_64_17.0.7.v20230425-1502\jre\bin\management_ext.dll
Event: 10.836 Loaded shared library C:\Eclipse\eclipse\plugins\org.eclipse.justj.openjdk.hotspot.jre.full.win32.x86_64_17.0.7.v20230425-1502\jre\bin\sunmscapi.dll

Deoptimization events (20 events):
Event: 14.826 Thread 0x000000006459d5e0 Uncommon trap: trap_request=0xffffffc6 fr.pc=0x000000000da4f658 relative=0x00000000000003f8
Event: 14.826 Thread 0x000000006459d5e0 Uncommon trap: reason=bimorphic_or_optimized_type_check action=maybe_recompile pc=0x000000000da4f658 method=java.util.regex.Pattern$Branch.match(Ljava/util/regex/Matcher;ILjava/lang/CharSequence;)Z @ 32 c2
Event: 14.826 Thread 0x000000006459d5e0 DEOPT PACKING pc=0x000000000da4f658 sp=0x0000000064d7b440
Event: 14.826 Thread 0x000000006459d5e0 DEOPT UNPACKING pc=0x000000000d3f69a3 sp=0x0000000064d7b3e0 mode 2
Event: 14.826 Thread 0x000000006459d5e0 Uncommon trap: trap_request=0xffffffc6 fr.pc=0x000000000da4f658 relative=0x00000000000003f8
Event: 14.826 Thread 0x000000006459d5e0 Uncommon trap: reason=bimorphic_or_optimized_type_check action=maybe_recompile pc=0x000000000da4f658 method=java.util.regex.Pattern$Branch.match(Ljava/util/regex/Matcher;ILjava/lang/CharSequence;)Z @ 32 c2
Event: 14.826 Thread 0x000000006459d5e0 DEOPT PACKING pc=0x000000000da4f658 sp=0x0000000064d7afb0
Event: 14.826 Thread 0x000000006459d5e0 DEOPT UNPACKING pc=0x000000000d3f69a3 sp=0x0000000064d7af50 mode 2
Event: 15.363 Thread 0x000000006459dab0 Uncommon trap: trap_request=0xffffff45 fr.pc=0x000000000da4802c relative=0x000000000000118c
Event: 15.363 Thread 0x000000006459dab0 Uncommon trap: reason=unstable_if action=reinterpret pc=0x000000000da4802c method=java.util.concurrent.ConcurrentHashMap.addCount(JI)V @ 97 c2
Event: 15.363 Thread 0x000000006459dab0 DEOPT PACKING pc=0x000000000da4802c sp=0x0000000064e89bc0
Event: 15.363 Thread 0x000000006459dab0 DEOPT UNPACKING pc=0x000000000d3f69a3 sp=0x0000000064e89a90 mode 2
Event: 16.085 Thread 0x0000000060ed9be0 Uncommon trap: trap_request=0xffffff45 fr.pc=0x000000000da21a58 relative=0x00000000000000b8
Event: 16.086 Thread 0x0000000060ed9be0 Uncommon trap: reason=unstable_if action=reinterpret pc=0x000000000da21a58 method=java.lang.CharacterData.of(I)Ljava/lang/CharacterData; @ 15 c2
Event: 16.086 Thread 0x0000000060ed9be0 DEOPT PACKING pc=0x000000000da21a58 sp=0x0000000066a6d9b0
Event: 16.086 Thread 0x0000000060ed9be0 DEOPT UNPACKING pc=0x000000000d3f69a3 sp=0x0000000066a6d8f0 mode 2
Event: 16.086 Thread 0x0000000060ed9be0 Uncommon trap: trap_request=0xffffff45 fr.pc=0x000000000da0f254 relative=0x0000000000000054
Event: 16.086 Thread 0x0000000060ed9be0 Uncommon trap: reason=unstable_if action=reinterpret pc=0x000000000da0f254 method=java.lang.CharacterData.of(I)Ljava/lang/CharacterData; @ 15 c2
Event: 16.086 Thread 0x0000000060ed9be0 DEOPT PACKING pc=0x000000000da0f254 sp=0x0000000066a6d960
Event: 16.086 Thread 0x0000000060ed9be0 DEOPT UNPACKING pc=0x000000000d3f69a3 sp=0x0000000066a6d8f0 mode 2

Classes unloaded (8 events):
Event: 12.087 Thread 0x000000001be16f20 Unloading class 0x000000001c2d9800 'java/lang/invoke/LambdaForm$MH+0x000000001c2d9800'
Event: 16.305 Thread 0x000000001be16f20 Unloading class 0x000000001c451c00 'java/lang/invoke/LambdaForm$MH+0x000000001c451c00'
Event: 16.305 Thread 0x000000001be16f20 Unloading class 0x000000001c451800 'java/lang/invoke/LambdaForm$DMH+0x000000001c451800'
Event: 16.305 Thread 0x000000001be16f20 Unloading class 0x000000001c43d000 'java/lang/invoke/LambdaForm$DMH+0x000000001c43d000'
Event: 16.305 Thread 0x000000001be16f20 Unloading class 0x000000001c43cc00 'java/lang/invoke/LambdaForm$DMH+0x000000001c43cc00'
Event: 16.306 Thread 0x000000001be16f20 Unloading class 0x000000001c42d000 'java/lang/invoke/LambdaForm$DMH+0x000000001c42d000'
Event: 16.306 Thread 0x000000001be16f20 Unloading class 0x000000001c42cc00 'java/lang/invoke/LambdaForm$DMH+0x000000001c42cc00'
Event: 16.306 Thread 0x000000001be16f20 Unloading class 0x000000001c42c400 'java/lang/invoke/LambdaForm$DMH+0x000000001c42c400'

Classes redefined (0 events):
No events

Internal exceptions (20 events):
Event: 14.117 Thread 0x0000000060ed8d70 Exception <a 'java/net/SocketException'{0x000000009aa7be90}: Socket is not connected: shutdown> (0x000000009aa7be90) 
thrown [s\src\hotspot\share\prims\jni.cpp, line 535]
Event: 14.119 Thread 0x0000000060ed7a30 Exception <a 'java/net/SocketException'{0x000000009aa55048}: Socket is not connected: shutdown> (0x000000009aa55048) 
thrown [s\src\hotspot\share\prims\jni.cpp, line 535]
Event: 14.142 Thread 0x0000000060ed88a0 Exception <a 'java/net/SocketException'{0x000000009aa8b5e8}: Socket is not connected: shutdown> (0x000000009aa8b5e8) 
thrown [s\src\hotspot\share\prims\jni.cpp, line 535]
Event: 14.665 Thread 0x0000000060ed8d70 Exception <a 'java/net/SocketException'{0x000000009aa7d088}: Socket is not connected: shutdown> (0x000000009aa7d088) 
thrown [s\src\hotspot\share\prims\jni.cpp, line 535]
Event: 14.667 Thread 0x0000000060ed7a30 Exception <a 'java/net/SocketException'{0x000000009aa562c0}: Socket is not connected: shutdown> (0x000000009aa562c0) 
thrown [s\src\hotspot\share\prims\jni.cpp, line 535]
Event: 14.786 Thread 0x000000006459df80 Exception <a 'java/lang/NoSuchMethodError'{0x000000009a822b00}: 'double java.lang.invoke.DirectMethodHandle$Holder.invokeVirtual(java.lang.Object, java.lang.Object)'> (0x000000009a822b00) 
thrown [s\src\hotspot\share\interpreter\linkResolver.cpp, line 759]
Event: 14.788 Thread 0x000000006459df80 Exception <a 'java/lang/NoSuchMethodError'{0x000000009a829360}: 'float java.lang.invoke.DirectMethodHandle$Holder.invokeVirtual(java.lang.Object, java.lang.Object)'> (0x000000009a829360) 
thrown [s\src\hotspot\share\interpreter\linkResolver.cpp, line 759]
Event: 14.791 Thread 0x000000006459df80 Exception <a 'java/lang/NoSuchMethodError'{0x000000009a832830}: 'long java.lang.invoke.DirectMethodHandle$Holder.invokeVirtual(java.lang.Object, java.lang.Object)'> (0x000000009a832830) 
thrown [s\src\hotspot\share\interpreter\linkResolver.cpp, line 759]
Event: 14.791 Thread 0x000000006459dab0 Exception <a 'java/lang/NoSuchMethodError'{0x000000009a83c8b0}: 'long java.lang.invoke.DirectMethodHandle$Holder.invokeVirtual(java.lang.Object, java.lang.Object)'> (0x000000009a83c8b0) 
thrown [s\src\hotspot\share\interpreter\linkResolver.cpp, line 759]
Event: 14.791 Thread 0x000000006459d5e0 Exception <a 'java/lang/NoSuchMethodError'{0x000000009a846750}: 'long java.lang.invoke.DirectMethodHandle$Holder.invokeVirtual(java.lang.Object, java.lang.Object)'> (0x000000009a846750) 
thrown [s\src\hotspot\share\interpreter\linkResolver.cpp, line 759]
Event: 14.896 Thread 0x000000006459d5e0 Exception <a 'java/lang/NoSuchMethodError'{0x000000009a7eb910}: 'java.lang.Object java.lang.invoke.DirectMethodHandle$Holder.newInvokeSpecial(java.lang.Object, java.lang.Object, int, int)'> (0x000000009a7eb910) 
thrown [s\src\hotspot\share\interpreter\linkResolver.cpp, line 759]
Event: 14.904 Thread 0x000000006459d5e0 Exception <a 'java/lang/NoSuchMethodError'{0x000000009a7f63e0}: 'void java.lang.invoke.DirectMethodHandle$Holder.invokeStatic(java.lang.Object, java.lang.Object, int)'> (0x000000009a7f63e0) 
thrown [s\src\hotspot\share\interpreter\linkResolver.cpp, line 759]
Event: 14.940 Thread 0x000000006459df80 Exception <a 'java/lang/NoSuchMethodError'{0x000000009a60e7f8}: 'java.lang.Object java.lang.invoke.Invokers$Holder.linkToTargetMethod(java.lang.Object, int, int, java.lang.Object)'> (0x000000009a60e7f8) 
thrown [s\src\hotspot\share\interpreter\linkResolver.cpp, line 759]
Event: 15.064 Thread 0x000000006459dab0 Exception <a 'java/lang/NoSuchMethodError'{0x000000009eb36930}: 'int java.lang.invoke.DirectMethodHandle$Holder.invokeSpecialIFC(java.lang.Object, java.lang.Object, java.lang.Object)'> (0x000000009eb36930) 
thrown [s\src\hotspot\share\interpreter\linkResolver.cpp, line 759]
Event: 15.265 Thread 0x000000006459dab0 Exception <a 'java/lang/NoSuchMethodError'{0x000000009e99b560}: 'java.lang.Object java.lang.invoke.DirectMethodHandle$Holder.invokeVirtual(java.lang.Object, java.lang.Object, java.lang.Object, java.lang.Object)'> (0x000000009e99b560) 
thrown [s\src\hotspot\share\interpreter\linkResolver.cpp, line 759]
Event: 15.266 Thread 0x000000006459df80 Exception <a 'java/lang/NoSuchMethodError'{0x000000009e987818}: 'java.lang.Object java.lang.invoke.DirectMethodHandle$Holder.invokeVirtual(java.lang.Object, java.lang.Object, java.lang.Object, java.lang.Object)'> (0x000000009e987818) 
thrown [s\src\hotspot\share\interpreter\linkResolver.cpp, line 759]
Event: 15.265 Thread 0x000000006459d5e0 Exception <a 'java/lang/NoSuchMethodError'{0x000000009e922878}: 'java.lang.Object java.lang.invoke.DirectMethodHandle$Holder.invokeVirtual(java.lang.Object, java.lang.Object, java.lang.Object, java.lang.Object)'> (0x000000009e922878) 
thrown [s\src\hotspot\share\interpreter\linkResolver.cpp, line 759]
Event: 15.361 Thread 0x000000006459d5e0 Exception <a 'java/lang/NoSuchMethodError'{0x000000009aaaf650}: 'void java.lang.invoke.DirectMethodHandle$Holder.invokeSpecial(java.lang.Object, java.lang.Object, java.lang.Object, java.lang.Object, java.lang.Object, java.lang.Object)'> (0x000000009aaaf650) 
thrown [s\src\hotspot\share\interpreter\linkResolver.cpp, line 759]
Event: 15.361 Thread 0x000000006459dab0 Exception <a 'java/lang/NoSuchMethodError'{0x000000009aaf2310}: 'void java.lang.invoke.DirectMethodHandle$Holder.invokeSpecial(java.lang.Object, java.lang.Object, java.lang.Object, java.lang.Object, java.lang.Object, java.lang.Object)'> (0x000000009aaf2310) 
thrown [s\src\hotspot\share\interpreter\linkResolver.cpp, line 759]
Event: 15.361 Thread 0x000000006459df80 Exception <a 'java/lang/NoSuchMethodError'{0x000000009aad3658}: 'void java.lang.invoke.DirectMethodHandle$Holder.invokeSpecial(java.lang.Object, java.lang.Object, java.lang.Object, java.lang.Object, java.lang.Object, java.lang.Object)'> (0x000000009aad3658) 
thrown [s\src\hotspot\share\interpreter\linkResolver.cpp, line 759]

VM Operations (20 events):
Event: 14.361 Executing VM operation: Cleanup
Event: 14.361 Executing VM operation: Cleanup done
Event: 14.738 Executing VM operation: HandshakeAllThreads
Event: 14.738 Executing VM operation: HandshakeAllThreads done
Event: 14.740 Executing VM operation: HandshakeAllThreads
Event: 14.740 Executing VM operation: HandshakeAllThreads done
Event: 14.744 Executing VM operation: HandshakeAllThreads
Event: 14.745 Executing VM operation: HandshakeAllThreads done
Event: 15.044 Executing VM operation: G1CollectForAllocation
Event: 15.054 Executing VM operation: G1CollectForAllocation done
Event: 15.106 Executing VM operation: G1CollectForAllocation
Event: 15.228 Executing VM operation: G1CollectForAllocation done
Event: 16.216 Executing VM operation: G1CollectForAllocation
Event: 16.237 Executing VM operation: G1CollectForAllocation done
Event: 16.305 Executing VM operation: G1Concurrent
Event: 16.319 Executing VM operation: G1Concurrent done
Event: 16.343 Executing VM operation: G1Concurrent
Event: 16.343 Executing VM operation: G1Concurrent done
Event: 20.343 Executing VM operation: Cleanup
Event: 20.343 Executing VM operation: Cleanup done

Events (20 events):
Event: 16.152 loading class java/nio/channels/spi/AbstractSelector$1 done
Event: 16.178 loading class java/io/PushbackInputStream
Event: 16.179 loading class java/io/PushbackInputStream done
Event: 16.245 loading class java/nio/charset/IllegalCharsetNameException
Event: 16.245 loading class java/nio/charset/IllegalCharsetNameException done
Event: 16.245 loading class java/nio/charset/UnsupportedCharsetException
Event: 16.246 loading class java/nio/charset/UnsupportedCharsetException done
Event: 16.265 loading class sun/nio/ch/IOVecWrapper
Event: 16.266 loading class sun/nio/ch/IOVecWrapper done
Event: 16.266 loading class sun/nio/ch/AllocatedNativeObject
Event: 16.266 loading class sun/nio/ch/NativeObject
Event: 16.266 loading class sun/nio/ch/NativeObject done
Event: 16.266 loading class sun/nio/ch/AllocatedNativeObject done
Event: 16.267 loading class sun/nio/ch/IOVecWrapper$Deallocator
Event: 16.267 loading class sun/nio/ch/IOVecWrapper$Deallocator done
Event: 19.755 Thread 0x0000000060ed9240 Thread exited: 0x0000000060ed9240
Event: 35.807 loading class java/util/concurrent/ConcurrentLinkedDeque$Itr
Event: 35.807 loading class java/util/concurrent/ConcurrentLinkedDeque$AbstractItr
Event: 35.808 loading class java/util/concurrent/ConcurrentLinkedDeque$AbstractItr done
Event: 35.808 loading class java/util/concurrent/ConcurrentLinkedDeque$Itr done


Dynamic libraries:
0x000000013fb50000 - 0x000000013fb5e000 	C:\Eclipse\eclipse\plugins\org.eclipse.justj.openjdk.hotspot.jre.full.win32.x86_64_17.0.7.v20230425-1502\jre\bin\javaw.exe
0x0000000077390000 - 0x000000007752f000 	C:\Windows\SYSTEM32\ntdll.dll
0x0000000077270000 - 0x000000007738f000 	C:\Windows\system32\kernel32.dll
0x000007fefd300000 - 0x000007fefd36a000 	C:\Windows\system32\KERNELBASE.dll
0x000007feeebd0000 - 0x000007feeebe7000 	C:\Eclipse\eclipse\plugins\org.eclipse.justj.openjdk.hotspot.jre.full.win32.x86_64_17.0.7.v20230425-1502\jre\bin\jli.dll
0x000007fefbb30000 - 0x000007fefbd24000 	C:\Windows\WinSxS\amd64_microsoft.windows.common-controls_6595b64144ccf1df_6.0.7601.18837_none_fa3b1e3d17594757\COMCTL32.dll
0x000007fefe640000 - 0x000007fefe6df000 	C:\Windows\system32\msvcrt.dll
0x000007fefd5e0000 - 0x000007fefd647000 	C:\Windows\system32\GDI32.dll
0x0000000077170000 - 0x000000007726a000 	C:\Windows\system32\USER32.dll
0x000007fefe630000 - 0x000007fefe63e000 	C:\Windows\system32\LPK.dll
0x000007fefd510000 - 0x000007fefd5d9000 	C:\Windows\system32\USP10.dll
0x000007fefecf0000 - 0x000007fefed61000 	C:\Windows\system32\SHLWAPI.dll
0x000007feeebf0000 - 0x000007feeec09000 	C:\Eclipse\eclipse\plugins\org.eclipse.justj.openjdk.hotspot.jre.full.win32.x86_64_17.0.7.v20230425-1502\jre\bin\VCRUNTIME140.dll
0x000007feef500000 - 0x000007feef504000 	C:\Eclipse\eclipse\plugins\org.eclipse.justj.openjdk.hotspot.jre.full.win32.x86_64_17.0.7.v20230425-1502\jre\bin\api-ms-win-crt-runtime-l1-1-0.dll
0x000007fed4990000 - 0x000007fed4a8a000 	C:\Eclipse\eclipse\plugins\org.eclipse.justj.openjdk.hotspot.jre.full.win32.x86_64_17.0.7.v20230425-1502\jre\bin\ucrtbase.DLL
0x000007feef390000 - 0x000007feef393000 	C:\Eclipse\eclipse\plugins\org.eclipse.justj.openjdk.hotspot.jre.full.win32.x86_64_17.0.7.v20230425-1502\jre\bin\api-ms-win-core-localization-l1-2-0.dll
0x000007feef2c0000 - 0x000007feef2c3000 	C:\Eclipse\eclipse\plugins\org.eclipse.justj.openjdk.hotspot.jre.full.win32.x86_64_17.0.7.v20230425-1502\jre\bin\api-ms-win-core-processthreads-l1-1-1.dll
0x000007feeebc0000 - 0x000007feeebc3000 	C:\Eclipse\eclipse\plugins\org.eclipse.justj.openjdk.hotspot.jre.full.win32.x86_64_17.0.7.v20230425-1502\jre\bin\api-ms-win-core-file-l1-2-0.dll
0x000007feeeae0000 - 0x000007feeeae3000 	C:\Eclipse\eclipse\plugins\org.eclipse.justj.openjdk.hotspot.jre.full.win32.x86_64_17.0.7.v20230425-1502\jre\bin\api-ms-win-core-timezone-l1-1-0.dll
0x000007feeea70000 - 0x000007feeea73000 	C:\Eclipse\eclipse\plugins\org.eclipse.justj.openjdk.hotspot.jre.full.win32.x86_64_17.0.7.v20230425-1502\jre\bin\api-ms-win-core-file-l2-1-0.dll
0x000007feeea60000 - 0x000007feeea63000 	C:\Eclipse\eclipse\plugins\org.eclipse.justj.openjdk.hotspot.jre.full.win32.x86_64_17.0.7.v20230425-1502\jre\bin\api-ms-win-core-synch-l1-2-0.dll
0x000007fee9700000 - 0x000007fee9703000 	C:\Eclipse\eclipse\plugins\org.eclipse.justj.openjdk.hotspot.jre.full.win32.x86_64_17.0.7.v20230425-1502\jre\bin\api-ms-win-crt-heap-l1-1-0.dll
0x000007fee96f0000 - 0x000007fee96f4000 	C:\Eclipse\eclipse\plugins\org.eclipse.justj.openjdk.hotspot.jre.full.win32.x86_64_17.0.7.v20230425-1502\jre\bin\api-ms-win-crt-string-l1-1-0.dll
0x000007fee9520000 - 0x000007fee9524000 	C:\Eclipse\eclipse\plugins\org.eclipse.justj.openjdk.hotspot.jre.full.win32.x86_64_17.0.7.v20230425-1502\jre\bin\api-ms-win-crt-stdio-l1-1-0.dll
0x000007fee9510000 - 0x000007fee9514000 	C:\Eclipse\eclipse\plugins\org.eclipse.justj.openjdk.hotspot.jre.full.win32.x86_64_17.0.7.v20230425-1502\jre\bin\api-ms-win-crt-convert-l1-1-0.dll
0x000007fee9330000 - 0x000007fee9333000 	C:\Eclipse\eclipse\plugins\org.eclipse.justj.openjdk.hotspot.jre.full.win32.x86_64_17.0.7.v20230425-1502\jre\bin\api-ms-win-crt-environment-l1-1-0.dll
0x000007fee8dd0000 - 0x000007fee8dd3000 	C:\Eclipse\eclipse\plugins\org.eclipse.justj.openjdk.hotspot.jre.full.win32.x86_64_17.0.7.v20230425-1502\jre\bin\api-ms-win-crt-filesystem-l1-1-0.dll
0x000007fee8dc0000 - 0x000007fee8dc5000 	C:\Eclipse\eclipse\plugins\org.eclipse.justj.openjdk.hotspot.jre.full.win32.x86_64_17.0.7.v20230425-1502\jre\bin\api-ms-win-crt-math-l1-1-0.dll
0x000007fee8db0000 - 0x000007fee8db3000 	C:\Eclipse\eclipse\plugins\org.eclipse.justj.openjdk.hotspot.jre.full.win32.x86_64_17.0.7.v20230425-1502\jre\bin\api-ms-win-crt-locale-l1-1-0.dll
0x000007fefd4e0000 - 0x000007fefd50e000 	C:\Windows\system32\IMM32.DLL
0x000007fefeb60000 - 0x000007fefec69000 	C:\Windows\system32\MSCTF.dll
0x000007fee89e0000 - 0x000007fee89ec000 	C:\Eclipse\eclipse\plugins\org.eclipse.justj.openjdk.hotspot.jre.full.win32.x86_64_17.0.7.v20230425-1502\jre\bin\vcruntime140_1.dll
0x000007fed4ee0000 - 0x000007fed4f71000 	C:\Eclipse\eclipse\plugins\org.eclipse.justj.openjdk.hotspot.jre.full.win32.x86_64_17.0.7.v20230425-1502\jre\bin\msvcp140.dll
0x000007fee8660000 - 0x000007fee8663000 	C:\Eclipse\eclipse\plugins\org.eclipse.justj.openjdk.hotspot.jre.full.win32.x86_64_17.0.7.v20230425-1502\jre\bin\api-ms-win-crt-time-l1-1-0.dll
0x000007fee8240000 - 0x000007fee8243000 	C:\Eclipse\eclipse\plugins\org.eclipse.justj.openjdk.hotspot.jre.full.win32.x86_64_17.0.7.v20230425-1502\jre\bin\api-ms-win-crt-utility-l1-1-0.dll
0x000007fecff40000 - 0x000007fed0b88000 	C:\Eclipse\eclipse\plugins\org.eclipse.justj.openjdk.hotspot.jre.full.win32.x86_64_17.0.7.v20230425-1502\jre\bin\server\jvm.dll
0x000007fefedd0000 - 0x000007fefeeab000 	C:\Windows\system32\ADVAPI32.dll
0x000007fefd6f0000 - 0x000007fefd70f000 	C:\Windows\SYSTEM32\sechost.dll
0x000007fefeeb0000 - 0x000007fefefdc000 	C:\Windows\system32\RPCRT4.dll
0x000007fef9c10000 - 0x000007fef9c19000 	C:\Windows\system32\WSOCK32.dll
0x000007feff630000 - 0x000007feff67d000 	C:\Windows\system32\WS2_32.dll
0x000007fefe860000 - 0x000007fefe868000 	C:\Windows\system32\NSI.dll
0x000007fef6130000 - 0x000007fef616b000 	C:\Windows\system32\WINMM.dll
0x000007fefc1c0000 - 0x000007fefc1cc000 	C:\Windows\system32\VERSION.dll
0x000007fee8230000 - 0x000007fee823a000 	C:\Eclipse\eclipse\plugins\org.eclipse.justj.openjdk.hotspot.jre.full.win32.x86_64_17.0.7.v20230425-1502\jre\bin\jimage.dll
0x000007fef0230000 - 0x000007fef0355000 	C:\Windows\system32\DBGHELP.DLL
0x000007fee7290000 - 0x000007fee72b5000 	C:\Eclipse\eclipse\plugins\org.eclipse.justj.openjdk.hotspot.jre.full.win32.x86_64_17.0.7.v20230425-1502\jre\bin\java.dll
0x000007fee8210000 - 0x000007fee8228000 	C:\Eclipse\eclipse\plugins\org.eclipse.justj.openjdk.hotspot.jre.full.win32.x86_64_17.0.7.v20230425-1502\jre\bin\zip.dll
0x000007fefd710000 - 0x000007fefe49a000 	C:\Windows\system32\SHELL32.dll
0x000007feff420000 - 0x000007feff623000 	C:\Windows\system32\ole32.dll
0x000007fefd130000 - 0x000007fefd13f000 	C:\Windows\system32\profapi.dll
0x000007fee7830000 - 0x000007fee7849000 	C:\Eclipse\eclipse\plugins\org.eclipse.justj.openjdk.hotspot.jre.full.win32.x86_64_17.0.7.v20230425-1502\jre\bin\net.dll
0x000007fef9430000 - 0x000007fef94a1000 	C:\Windows\system32\WINHTTP.dll
0x000007fef93c0000 - 0x000007fef9425000 	C:\Windows\system32\webio.dll
0x000007fefc870000 - 0x000007fefc8c5000 	C:\Windows\system32\mswsock.dll
0x000007fefc860000 - 0x000007fefc867000 	C:\Windows\System32\wship6.dll
0x000007fee7270000 - 0x000007fee7285000 	C:\Eclipse\eclipse\plugins\org.eclipse.justj.openjdk.hotspot.jre.full.win32.x86_64_17.0.7.v20230425-1502\jre\bin\nio.dll
0x000007fee72d0000 - 0x000007fee72e0000 	C:\Eclipse\eclipse\plugins\org.eclipse.justj.openjdk.hotspot.jre.full.win32.x86_64_17.0.7.v20230425-1502\jre\bin\verify.dll
0x000007fefc290000 - 0x000007fefc297000 	C:\Windows\System32\wshtcpip.dll
0x000007fefc6f0000 - 0x000007fefc74b000 	C:\Windows\system32\DNSAPI.dll
0x000007fef1080000 - 0x000007fef10ae000 	C:\Program Files\Common Files\Microsoft Shared\Windows Live\WLIDNSP.DLL
0x0000000077540000 - 0x0000000077547000 	C:\Windows\system32\PSAPI.DLL
0x000007fefa5d0000 - 0x000007fefa5f7000 	C:\Windows\system32\IPHLPAPI.DLL
0x000007fefa5b0000 - 0x000007fefa5bb000 	C:\Windows\system32\WINNSI.DLL
0x000007fef1070000 - 0x000007fef1078000 	C:\Windows\system32\rasadhlp.dll
0x000007fefa460000 - 0x000007fefa4b3000 	C:\Windows\System32\fwpuclnt.dll
0x000007fefc8d0000 - 0x000007fefc8e8000 	C:\Windows\system32\CRYPTSP.dll
0x000007fefc5d0000 - 0x000007fefc617000 	C:\Windows\system32\rsaenh.dll
0x000007fefd2a0000 - 0x000007fefd2be000 	C:\Windows\system32\USERENV.dll
0x000007fefcfc0000 - 0x000007fefcfcf000 	C:\Windows\system32\CRYPTBASE.dll
0x000007fefa3c0000 - 0x000007fefa3d8000 	C:\Windows\system32\dhcpcsvc.DLL
0x000007fefa3a0000 - 0x000007fefa3b1000 	C:\Windows\system32\dhcpcsvc6.DLL
0x000007fee7260000 - 0x000007fee7269000 	C:\Eclipse\eclipse\plugins\org.eclipse.justj.openjdk.hotspot.jre.full.win32.x86_64_17.0.7.v20230425-1502\jre\bin\management.dll
0x000007fed8c50000 - 0x000007fed8c5b000 	C:\Eclipse\eclipse\plugins\org.eclipse.justj.openjdk.hotspot.jre.full.win32.x86_64_17.0.7.v20230425-1502\jre\bin\management_ext.dll
0x000007fed8c40000 - 0x000007fed8c4e000 	C:\Eclipse\eclipse\plugins\org.eclipse.justj.openjdk.hotspot.jre.full.win32.x86_64_17.0.7.v20230425-1502\jre\bin\sunmscapi.dll
0x000007fefd370000 - 0x000007fefd4dd000 	C:\Windows\system32\CRYPT32.dll
0x000007fefd120000 - 0x000007fefd12f000 	C:\Windows\system32\MSASN1.dll
0x000007fefcaa0000 - 0x000007fefcaf0000 	C:\Windows\system32\ncrypt.dll
0x000007fefca70000 - 0x000007fefca92000 	C:\Windows\system32\bcrypt.dll
0x000007fefcf20000 - 0x000007fefcf77000 	C:\Windows\system32\apphelp.dll

dbghelp: loaded successfully - version: 4.0.5 - missing functions: none
symbol engine: initialized successfully - sym options: 0x614 - pdb path: .;C:\Eclipse\eclipse\plugins\org.eclipse.justj.openjdk.hotspot.jre.full.win32.x86_64_17.0.7.v20230425-1502\jre\bin;C:\Windows\SYSTEM32;C:\Windows\WinSxS\amd64_microsoft.windows.common-controls_6595b64144ccf1df_6.0.7601.18837_none_fa3b1e3d17594757;C:\Eclipse\eclipse\plugins\org.eclipse.justj.openjdk.hotspot.jre.full.win32.x86_64_17.0.7.v20230425-1502\jre\bin\server;C:\Program Files\Common Files\Microsoft Shared\Windows Live

VM Arguments:
jvm_args: -ea -Dfile.encoding=UTF-8 -XX:+ShowCodeDetailsInExceptionMessages 
java_command: org.testng.remote.RemoteTestNG -serport 19498 -protocol json -d C:\Users\muchaa\eclipse-workspace\CucumberFramework\test-output C:\Users\muchaa\AppData\Local\Temp\testng-eclipse--1839470407\testng-customsuite.xml
java_class_path (initial): C:\Eclipse\eclipse\configuration\org.eclipse.osgi\515\0\.cp\lib\testng-remote.jar;C:\Users\muchaa\eclipse-workspace\CucumberFramework\target\test-classes;C:\Users\muchaa\eclipse-workspace\CucumberFramework\target\classes;C:\Users\muchaa\.m2\repository\io\cucumber\cucumber-java\7.14.0\cucumber-java-7.14.0.jar;C:\Users\muchaa\.m2\repository\io\cucumber\cucumber-core\7.14.0\cucumber-core-7.14.0.jar;C:\Users\muchaa\.m2\repository\io\cucumber\cucumber-gherkin\7.14.0\cucumber-gherkin-7.14.0.jar;C:\Users\muchaa\.m2\repository\io\cucumber\cucumber-gherkin-messages\7.14.0\cucumber-gherkin-messages-7.14.0.jar;C:\Users\muchaa\.m2\repository\io\cucumber\gherkin\26.2.0\gherkin-26.2.0.jar;C:\Users\muchaa\.m2\repository\io\cucumber\messages\22.0.0\messages-22.0.0.jar;C:\Users\muchaa\.m2\repository\io\cucumber\tag-expressions\5.0.6\tag-expressions-5.0.6.jar;C:\Users\muchaa\.m2\repository\io\cucumber\cucumber-expressions\16.1.2\cucumber-expressions-16.1.2.jar;C:\Users\muchaa\.m2\repository\io\cucumber\datatable\7.14.0\datatable-7.14.0.jar;C:\Users\muchaa\.m2\repository\io\cucumber\cucumber-plugin\7.14.0\cucumber-plugin-7.14.0.jar;C:\Users\muchaa\.m2\repository\io\cucumber\docstring\7.14.0\docstring-7.14.0.jar;C:\Users\muchaa\.m2\repository\io\cucumber\html-formatter\20.4.0\html-formatter-20.4.0.jar;C:\Users\muchaa\.m2\repository\io\cucumber\junit-xml-formatter\0.2.0\junit-xml-formatter-0.2.0.jar;C:\Users\muchaa\.m2\repository\io\cucumber\ci-environment\9.2.0\ci-environment-9.2.0.jar;C:\Users\muchaa\.m2\repository\org\apiguardian\apiguardian-api\1.1.2\apiguardian-api-1.1.2.jar;C:\Users\muchaa\.m2\repository\com\aventstack\extentreports\5.1.1\extentreports-5.1.1.jar;C:\Users\muchaa\.m2\repository\io\reactivex\rxjava3\rxjava\3.1.6\rxjava-3.1.6.jar;C:\Users\muchaa\.m2\repository\org\reactivestreams\reactive-streams\1.0.4\reactive-streams-1.0.4.jar;C:\Users\muchaa\.m2\repository\org\freemarker\freemarker\2.3.32\freemarker-2.3.32.jar;C:\Users\muchaa\.m2\reposi
Launcher Type: SUN_STANDARD

[Global flags]
     intx CICompilerCount                          = 3                                         {product} {ergonomic}
     uint ConcGCThreads                            = 1                                         {product} {ergonomic}
     uint G1ConcRefinementThreads                  = 4                                         {product} {ergonomic}
   size_t G1HeapRegionSize                         = 1048576                                   {product} {ergonomic}
    uintx GCDrainStackTargetSize                   = 64                                        {product} {ergonomic}
   size_t InitialHeapSize                          = 109051904                                 {product} {ergonomic}
   size_t MarkStackSize                            = 4194304                                   {product} {ergonomic}
   size_t MaxHeapSize                              = 1732247552                                {product} {ergonomic}
   size_t MaxNewSize                               = 1039138816                                {product} {ergonomic}
   size_t MinHeapDeltaBytes                        = 1048576                                   {product} {ergonomic}
   size_t MinHeapSize                              = 8388608                                   {product} {ergonomic}
    uintx NonNMethodCodeHeapSize                   = 5832780                                {pd product} {ergonomic}
    uintx NonProfiledCodeHeapSize                  = 122912730                              {pd product} {ergonomic}
    uintx ProfiledCodeHeapSize                     = 122912730                              {pd product} {ergonomic}
    uintx ReservedCodeCacheSize                    = 251658240                              {pd product} {ergonomic}
     bool SegmentedCodeCache                       = true                                      {product} {ergonomic}
     bool ShowCodeDetailsInExceptionMessages       = true                                   {manageable} {command line}
   size_t SoftMaxHeapSize                          = 1732247552                             {manageable} {ergonomic}
     bool UseCompressedClassPointers               = true                           {product lp64_product} {ergonomic}
     bool UseCompressedOops                        = true                           {product lp64_product} {ergonomic}
     bool UseG1GC                                  = true                                      {product} {ergonomic}
     bool UseLargePagesIndividualAllocation        = false                                  {pd product} {ergonomic}

Logging:
Log output configuration:
 #0: stdout all=warning uptime,level,tags
 #1: stderr all=off uptime,level,tags

Environment Variables:
JAVA_HOME=C:\Program Files\Java\jdk-17
CLASSPATH=.;C:\Program Files (x86)\Java\jre6\lib\ext\QTJava.zipC:\Program Files\Java\jdk1.8.0_111\lib\tools.jar;
PATH=C:/Eclipse/eclipse//plugins/org.eclipse.justj.openjdk.hotspot.jre.full.win32.x86_64_17.0.8.v20230801-1951/jre/bin/server;C:/Eclipse/eclipse//plugins/org.eclipse.justj.openjdk.hotspot.jre.full.win32.x86_64_17.0.8.v20230801-1951/jre/bin;C:\Program Files\Java\jdk-17\bin;C:\Program Files\Maven\apache-maven-3.8.8\bin;C:\Eclipse\eclipse;
USERNAME=muchaa
OS=Windows_NT
PROCESSOR_IDENTIFIER=Intel64 Family 6 Model 42 Stepping 7, GenuineIntel
TMP=C:\Users\muchaa\AppData\Local\Temp
TEMP=C:\Users\muchaa\AppData\Local\Temp



---------------  S Y S T E M  ---------------

OS:
 Windows 7 , 64 bit Build 7601 (6.1.7601.24384)
OS uptime: 8 days 0:53 hours

CPU: total 4 (initial active 4) (2 cores per cpu, 2 threads per core) family 6 model 42 stepping 7 microcode 0x0, cx8, cmov, fxsr, ht, mmx, sse, sse2, sse3, ssse3, sse4.1, sse4.2, popcnt, tsc, tscinvbit, avx, aes, clmul, vzeroupper, clflush

Memory: 4k page, system-wide physical 6605M (1309M free)
TotalPageFile size 14796M (AvailPageFile size 6M)
current process WorkingSet (physical memory assigned to process): 158M, peak: 166M
current process commit charge ("private bytes"): 208M, peak: 222M

vm_info: OpenJDK 64-Bit Server VM (17.0.7+7) for windows-amd64 JRE (17.0.7+7), built on Apr 18 2023 22:10:42 by "temurin" with MS VC++ 16.7 (VS2019)

END.
